
> teacher-app@0.1.0 dev
> vite


  [32m[1mVITE[22m v5.4.21[39m  [2mready in [0m[1m460[22m[2m[0m ms[22m

  [32m➜[39m  [1mLocal[22m:   [36mhttp://127.0.0.1:[1m5173[22m/bubu-prototype-design/[39m
[2m11:44:26[22m [36m[1m[vite][22m[39m [32mhmr update [39m[2m/src/pages/Courseware.jsx, /src/index.css[22m
[2m11:44:26[22m [36m[1m[vite][22m[39m [32mhmr update [39m[2m/src/pages/CoursewareEditor.jsx, /src/index.css[22m
[2m11:44:26[22m [36m[1m[vite][22m[39m [32mhmr update [39m[2m/src/pages/HomeworkReview.jsx, /src/index.css[22m
[2m11:44:28[22m [36m[1m[vite][22m[39m [32mhmr update [39m[2m/src/pages/HomeworkReview.jsx, /src/index.css[22m
[2m11:44:28[22m [36m[1m[vite][22m[39m [32mhmr update [39m[2m/src/pages/Courseware.jsx, /src/index.css[22m
[2m11:44:28[22m [36m[1m[vite][22m[39m [32mhmr update [39m[2m/src/pages/CoursewareEditor.jsx, /src/index.css[22m
[2m22:02:24[22m [36m[1m[vite][22m[39m [32mhmr update [39m[2m/src/components/Sidebar.jsx, /src/index.css[22m
[2m22:02:44[22m [36m[1m[vite][22m[39m [32mhmr update [39m[2m/src/App.jsx, /src/index.css[22m
[2m22:03:07[22m [36m[1m[vite][22m[39m [32mpage reload [39m[2msrc/App.jsx[22m
[2m22:03:33[22m [36m[1m[vite][22m[39m [32mhmr update [39m[2m/src/components/TopBar.jsx, /src/index.css[22m
[2m22:04:42[22m [36m[1m[vite][22m[39m [32mpage reload [39m[2msrc/data/questionBank.js[22m
[2m22:05:05[22m [36m[1m[vite][22m[39m [32mpage reload [39m[2msrc/components/StepBar.jsx[22m
[2m22:05:43[22m [36m[1m[vite][22m[39m [32mpage reload [39m[2msrc/components/ChapterTree.jsx[22m
[2m22:06:53[22m [36m[1m[vite][22m[39m [32mpage reload [39m[2msrc/components/QuestionCart.jsx[22m
[2m22:07:18[22m [36m[1m[vite][22m[39m [32mhmr update [39m[2m/src/index.css[22m
[2m22:11:40[22m [36m[1m[vite][22m[39m [32mhmr update [39m[2m/src/pages/Homework.jsx, /src/index.css[22m
[2m22:14:17[22m [36m[1m[vite][22m[39m [32mpage reload [39m[2msrc/pages/HomeworkSelect.jsx[22m
[2m22:16:49[22m [36m[1m[vite][22m[39m [32mpage reload [39m[2msrc/pages/HomeworkLayout.jsx[22m
[2m22:29:44[22m [36m[1m[vite][22m[39m [32mhmr update [39m[2m/src/pages/QuestionBank.jsx, /src/index.css[22m
[2m22:36:53[22m [36m[1m[vite][22m[39m [32mhmr update [39m[2m/src/pages/HomeworkSelect.jsx, /src/index.css[22m
[2m22:37:03[22m [36m[1m[vite][22m[39m [32mhmr update [39m[2m/src/pages/HomeworkLayout.jsx, /src/index.css[22m
